  App.cpp
c:\users\kraus\documents\ben.c\textures\textures\monkey.h(38): warning C4800: 'int': forcing value to bool 'true' or 'false' (performance warning)
c:\users\kraus\documents\ben.c\textures\textures\monkey.h(39): warning C4800: 'int': forcing value to bool 'true' or 'false' (performance warning)
c:\users\kraus\documents\ben.c\textures\textures\monkey.h(40): warning C4800: 'int': forcing value to bool 'true' or 'false' (performance warning)
c:\users\kraus\documents\ben.c\textures\textures\monkey.h(41): warning C4800: 'int': forcing value to bool 'true' or 'false' (performance warning)
c:\users\kraus\documents\ben.c\textures\textures\app.cpp(13): warning C4305: '=': truncation from 'double' to 'float'
c:\users\kraus\documents\ben.c\textures\textures\app.cpp(14): warning C4305: '=': truncation from 'double' to 'float'
c:\users\kraus\documents\ben.c\textures\textures\app.cpp(15): warning C4305: '=': truncation from 'double' to 'float'
c:\users\kraus\documents\ben.c\textures\textures\app.cpp(16): warning C4305: '=': truncation from 'double' to 'float'
c:\users\kraus\documents\ben.c\textures\textures\app.cpp(46): warning C4305: 'argument': truncation from 'double' to 'float'
c:\users\kraus\documents\ben.c\textures\textures\app.cpp(47): warning C4305: 'argument': truncation from 'double' to 'float'
c:\users\kraus\documents\ben.c\textures\textures\app.cpp(58): warning C4244: 'argument': conversion from 'double' to 'float', possible loss of data
c:\users\kraus\documents\ben.c\textures\textures\app.cpp(94): warning C4305: 'argument': truncation from 'double' to 'float'
c:\users\kraus\documents\ben.c\textures\textures\app.cpp(94): warning C4244: 'argument': conversion from 'double' to 'float', possible loss of data
c:\users\kraus\documents\ben.c\textures\textures\app.cpp(97): warning C4305: 'argument': truncation from 'double' to 'float'
c:\users\kraus\documents\ben.c\textures\textures\app.cpp(97): warning C4244: 'argument': conversion from 'double' to 'float', possible loss of data
c:\users\kraus\documents\ben.c\textures\textures\app.cpp(108): warning C4305: 'argument': truncation from 'double' to 'float'
c:\users\kraus\documents\ben.c\textures\textures\app.cpp(120): warning C4018: '<': signed/unsigned mismatch
c:\users\kraus\documents\ben.c\textures\textures\app.cpp(125): warning C4018: '<': signed/unsigned mismatch
c:\users\kraus\documents\ben.c\textures\textures\app.cpp(147): warning C4305: 'argument': truncation from 'double' to 'float'
c:\users\kraus\documents\ben.c\textures\textures\app.cpp(155): warning C4244: 'argument': conversion from 'double' to 'float', possible loss of data
c:\users\kraus\documents\ben.c\textures\textures\app.cpp(170): warning C4996: 'strcpy': This function or variable may be unsafe. Consider using strcpy_s instead. To disable deprecation, use _CRT_SECURE_NO_WARNINGS. See online help for details.
  c:\program files (x86)\windows kits\10\include\10.0.10240.0\ucrt\string.h(119): note: see declaration of 'strcpy'
c:\users\kraus\documents\ben.c\textures\textures\app.cpp(238): warning C4305: '-=': truncation from 'double' to 'float'
c:\users\kraus\documents\ben.c\textures\textures\app.cpp(241): warning C4305: '+=': truncation from 'double' to 'float'
  glutapp.vcxproj -> C:\Users\kraus\Documents\Ben.c\Textures\Textures\visualc15\obj\glutapp_Debug\glutapp.exe
  glutapp.vcxproj -> obj\glutapp_Debug\glutapp.pdb (Full PDB)
